<?xml version="1.0" encoding="UTF-8"?>
<!-- Generated by org.testng.reporters.JUnitReportReporter -->
<testsuite hostname="MacBook-Andrii.local" failures="0" tests="1" name="artlebedevtests.ArtlebedevSearchTest" time="16.013" errors="0" timestamp="2019-07-30T16:11:11 CEST" skipped="0">
  <testcase classname="artlebedevtests.ArtlebedevSearchTest" name="performSearchAndCheckResultsArePresent" time="16.013"/>
</testsuite> <!-- artlebedevtests.ArtlebedevSearchTest -->
